<?xml version='1.0' encoding='UTF-8' ?>
<testsuite name="com.example.doctorapp.data.local.DoctorDaoTest" tests="1" failures="0" errors="0" skipped="0" time="0.3" timestamp="2023-07-08T22:03:14" hostname="localhost">
  <properties>
    <property name="device" value="Pixel_6_API_34(AVD) - 13" />
    <property name="flavor" value="" />
    <property name="project" value=":app" />
  </properties>
  <testcase name="insertDoctor" classname="com.example.doctorapp.data.local.DoctorDaoTest" time="0.083" />
</testsuite>