<?xml version='1.0' encoding='UTF-8' ?>
<testsuite name="com.example.doctorapp.data.local.DoctorDaoTest" tests="4" failures="0" errors="0" skipped="0" time="0.347" timestamp="2023-07-08T22:37:42" hostname="localhost">
  <properties>
    <property name="device" value="Pixel_6_API_34(AVD) - 13" />
    <property name="flavor" value="" />
    <property name="project" value=":app" />
  </properties>
  <testcase name="get doctor by fiscal code" classname="com.example.doctorapp.data.local.DoctorDaoTest" time="0.044" />
  <testcase name="insert doctor in database" classname="com.example.doctorapp.data.local.DoctorDaoTest" time="0.004" />
  <testcase name="delete all doctors in database" classname="com.example.doctorapp.data.local.DoctorDaoTest" time="0.001" />
  <testcase name="delete doctor in database" classname="com.example.doctorapp.data.local.DoctorDaoTest" time="0.027" />
</testsuite>